{"C:\\JLGS\\lambdaTest\\src\\enviroment.ts": {"path":"C:\\JLGS\\lambdaTest\\src\\enviroment.ts","all":false,"statementMap":{"0":{"start":{"line":1,"column":0},"end":{"line":1,"column":66}}},"s":{"0":1},"branchMap":{"0":{"type":"branch","line":1,"loc":{"start":{"line":1,"column":0},"end":{"line":1,"column":66}},"locations":[{"start":{"line":1,"column":0},"end":{"line":1,"column":66}}]},"1":{"type":"branch","line":1,"loc":{"start":{"line":1,"column":0},"end":{"line":1,"column":66}},"locations":[{"start":{"line":1,"column":0},"end":{"line":1,"column":66}}]}},"b":{"0":[1],"1":[1]},"fnMap":{"0":{"name":"Object.<anonymous>","decl":{"start":{"line":1,"column":0},"end":{"line":1,"column":66}},"loc":{"start":{"line":1,"column":0},"end":{"line":1,"column":66}},"line":1}},"f":{"0":1}}
,"C:\\JLGS\\lambdaTest\\src\\core\\Token.ts": {"path":"C:\\JLGS\\lambdaTest\\src\\core\\Token.ts","all":false,"statementMap":{"0":{"start":{"line":1,"column":0},"end":{"line":1,"column":67}},"1":{"start":{"line":2,"column":0},"end":{"line":2,"column":69}},"2":{"start":{"line":3,"column":0},"end":{"line":3,"column":0}},"3":{"start":{"line":4,"column":0},"end":{"line":4,"column":22}},"4":{"start":{"line":5,"column":0},"end":{"line":5,"column":63}},"5":{"start":{"line":6,"column":0},"end":{"line":6,"column":49}},"6":{"start":{"line":7,"column":0},"end":{"line":7,"column":65}},"7":{"start":{"line":8,"column":0},"end":{"line":8,"column":7}},"8":{"start":{"line":9,"column":0},"end":{"line":9,"column":18}},"9":{"start":{"line":10,"column":0},"end":{"line":10,"column":55}},"10":{"start":{"line":11,"column":0},"end":{"line":11,"column":10}},"11":{"start":{"line":12,"column":0},"end":{"line":12,"column":8}},"12":{"start":{"line":13,"column":0},"end":{"line":13,"column":30}},"13":{"start":{"line":14,"column":0},"end":{"line":14,"column":0}},"14":{"start":{"line":15,"column":0},"end":{"line":15,"column":39}},"15":{"start":{"line":16,"column":0},"end":{"line":16,"column":52}},"16":{"start":{"line":17,"column":0},"end":{"line":17,"column":16}},"17":{"start":{"line":18,"column":0},"end":{"line":18,"column":4}},"18":{"start":{"line":19,"column":0},"end":{"line":19,"column":34}},"19":{"start":{"line":20,"column":0},"end":{"line":20,"column":49}},"20":{"start":{"line":21,"column":0},"end":{"line":21,"column":40}},"21":{"start":{"line":22,"column":0},"end":{"line":22,"column":7}},"22":{"start":{"line":23,"column":0},"end":{"line":23,"column":18}},"23":{"start":{"line":24,"column":0},"end":{"line":24,"column":55}},"24":{"start":{"line":25,"column":0},"end":{"line":25,"column":10}},"25":{"start":{"line":26,"column":0},"end":{"line":26,"column":8}},"26":{"start":{"line":27,"column":0},"end":{"line":27,"column":30}},"27":{"start":{"line":28,"column":0},"end":{"line":28,"column":39}},"28":{"start":{"line":29,"column":0},"end":{"line":29,"column":52}},"29":{"start":{"line":30,"column":0},"end":{"line":30,"column":30}},"30":{"start":{"line":31,"column":0},"end":{"line":31,"column":71}},"31":{"start":{"line":32,"column":0},"end":{"line":32,"column":44}},"32":{"start":{"line":33,"column":0},"end":{"line":33,"column":4}},"33":{"start":{"line":34,"column":0},"end":{"line":34,"column":44}},"34":{"start":{"line":35,"column":0},"end":{"line":35,"column":17}},"35":{"start":{"line":36,"column":0},"end":{"line":36,"column":71}},"36":{"start":{"line":37,"column":0},"end":{"line":37,"column":19}},"37":{"start":{"line":38,"column":0},"end":{"line":38,"column":36}},"38":{"start":{"line":39,"column":0},"end":{"line":39,"column":67}},"39":{"start":{"line":40,"column":0},"end":{"line":40,"column":34}},"40":{"start":{"line":41,"column":0},"end":{"line":41,"column":5}},"41":{"start":{"line":42,"column":0},"end":{"line":42,"column":17}},"42":{"start":{"line":43,"column":0},"end":{"line":43,"column":4}},"43":{"start":{"line":44,"column":0},"end":{"line":44,"column":2}}},"s":{"0":1,"1":1,"2":1,"3":1,"4":1,"5":2,"6":2,"7":2,"8":2,"9":2,"10":2,"11":2,"12":2,"13":2,"14":2,"15":1,"16":1,"17":1,"18":1,"19":3,"20":3,"21":3,"22":3,"23":3,"24":3,"25":3,"26":3,"27":3,"28":3,"29":2,"30":3,"31":1,"32":0,"33":1,"34":8,"35":8,"36":8,"37":8,"38":128,"39":128,"40":128,"41":8,"42":8,"43":8},"branchMap":{"0":{"type":"branch","line":1,"loc":{"start":{"line":1,"column":0},"end":{"line":44,"column":2}},"locations":[{"start":{"line":1,"column":0},"end":{"line":44,"column":2}}]},"1":{"type":"branch","line":1,"loc":{"start":{"line":1,"column":0},"end":{"line":44,"column":2}},"locations":[{"start":{"line":1,"column":0},"end":{"line":44,"column":2}}]},"2":{"type":"branch","line":5,"loc":{"start":{"line":5,"column":10},"end":{"line":18,"column":0}},"locations":[{"start":{"line":5,"column":10},"end":{"line":18,"column":0}}]},"3":{"type":"branch","line":16,"loc":{"start":{"line":16,"column":-1},"end":{"line":17,"column":17}},"locations":[{"start":{"line":16,"column":-1},"end":{"line":17,"column":17}}]},"4":{"type":"branch","line":13,"loc":{"start":{"line":13,"column":-2},"end":{"line":13,"column":15}},"locations":[{"start":{"line":13,"column":-2},"end":{"line":13,"column":15}}]},"5":{"type":"branch","line":19,"loc":{"start":{"line":19,"column":6},"end":{"line":34,"column":7}},"locations":[{"start":{"line":19,"column":6},"end":{"line":34,"column":7}}]},"6":{"type":"branch","line":29,"loc":{"start":{"line":29,"column":4},"end":{"line":29,"column":50}},"locations":[{"start":{"line":29,"column":4},"end":{"line":29,"column":50}}]},"7":{"type":"branch","line":29,"loc":{"start":{"line":29,"column":50},"end":{"line":31,"column":12}},"locations":[{"start":{"line":29,"column":50},"end":{"line":31,"column":12}}]},"8":{"type":"branch","line":31,"loc":{"start":{"line":31,"column":12},"end":{"line":32,"column":44}},"locations":[{"start":{"line":31,"column":12},"end":{"line":32,"column":44}}]},"9":{"type":"branch","line":33,"loc":{"start":{"line":33,"column":-2},"end":{"line":33,"column":5}},"locations":[{"start":{"line":33,"column":-2},"end":{"line":33,"column":5}}]},"10":{"type":"branch","line":27,"loc":{"start":{"line":27,"column":1},"end":{"line":27,"column":18}},"locations":[{"start":{"line":27,"column":1},"end":{"line":27,"column":18}}]},"11":{"type":"branch","line":34,"loc":{"start":{"line":34,"column":28},"end":{"line":44,"column":2}},"locations":[{"start":{"line":34,"column":28},"end":{"line":44,"column":2}}]},"12":{"type":"branch","line":38,"loc":{"start":{"line":38,"column":32},"end":{"line":42,"column":8}},"locations":[{"start":{"line":38,"column":32},"end":{"line":42,"column":8}}]}},"b":{"0":[1],"1":[1],"2":[2],"3":[1],"4":[2],"5":[3],"6":[1],"7":[2],"8":[1],"9":[0],"10":[3],"11":[8],"12":[128]},"fnMap":{"0":{"name":"Object.<anonymous>","decl":{"start":{"line":1,"column":0},"end":{"line":44,"column":2}},"loc":{"start":{"line":1,"column":0},"end":{"line":44,"column":2}},"line":1},"1":{"name":"save","decl":{"start":{"line":5,"column":10},"end":{"line":18,"column":0}},"loc":{"start":{"line":5,"column":10},"end":{"line":18,"column":0}},"line":5},"2":{"name":"read","decl":{"start":{"line":19,"column":6},"end":{"line":34,"column":7}},"loc":{"start":{"line":19,"column":6},"end":{"line":34,"column":7}},"line":19},"3":{"name":"generateToken","decl":{"start":{"line":34,"column":28},"end":{"line":44,"column":2}},"loc":{"start":{"line":34,"column":28},"end":{"line":44,"column":2}},"line":34}},"f":{"0":1,"1":2,"2":3,"3":8}}
}
