TN:
SF:src\enviroment.ts
FN:1,Object.<anonymous>
FNF:1
FNH:1
FNDA:1,Object.<anonymous>
DA:1,1
LF:1
LH:1
BRDA:1,0,0,1
BRDA:1,1,0,1
BRF:2
BRH:2
end_of_record
TN:
SF:src\core\Token.ts
FN:1,Object.<anonymous>
FN:5,save
FN:19,read
FN:34,generateToken
FNF:4
FNH:4
FNDA:1,Object.<anonymous>
FNDA:2,save
FNDA:3,read
FNDA:8,generateToken
DA:1,1
DA:2,1
DA:3,1
DA:4,1
DA:5,1
DA:6,2
DA:7,2
DA:8,2
DA:9,2
DA:10,2
DA:11,2
DA:12,2
DA:13,2
DA:14,2
DA:15,2
DA:16,1
DA:17,1
DA:18,1
DA:19,1
DA:20,3
DA:21,3
DA:22,3
DA:23,3
DA:24,3
DA:25,3
DA:26,3
DA:27,3
DA:28,3
DA:29,3
DA:30,2
DA:31,3
DA:32,1
DA:33,0
DA:34,1
DA:35,8
DA:36,8
DA:37,8
DA:38,8
DA:39,128
DA:40,128
DA:41,128
DA:42,8
DA:43,8
DA:44,8
LF:44
LH:43
BRDA:1,0,0,1
BRDA:1,1,0,1
BRDA:5,2,0,2
BRDA:16,3,0,1
BRDA:13,4,0,2
BRDA:19,5,0,3
BRDA:29,6,0,1
BRDA:29,7,0,2
BRDA:31,8,0,1
BRDA:33,9,0,0
BRDA:27,10,0,3
BRDA:34,11,0,8
BRDA:38,12,0,128
BRF:13
BRH:12
end_of_record
